<?xml version="1.0" encoding="UTF-8"?>
<!-- Generated by org.testng.reporters.JUnitReportReporter -->
<testsuite skipped="0" hostname="KYB-PC" name="com.mushishi.selenium.testCase.testLogin2" tests="2" failures="0" timestamp="10 五月 2017 11:40:50 GMT" time="3.839" errors="0">
  <testcase name="getUrl" time="2.299" classname="com.mushishi.selenium.testCase.testLogin2"/>
  <testcase name="getUrl" time="1.540" classname="com.mushishi.selenium.testCase.testLogin2"/>
</testsuite> <!-- com.mushishi.selenium.testCase.testLogin2 -->
