<?xml version="1.0" encoding="UTF-8"?>
<!-- Generated by org.testng.reporters.JUnitReportReporter -->
<testsuite skipped="0" hostname="KYB-PC" name="com.mushishi.selenium.testCase.TestAddCourse" tests="1" failures="0" timestamp="23 六月 2017 07:08:42 GMT" time="18.000" errors="0">
  <testcase name="TestAddCourse1" time="18.000" classname="com.mushishi.selenium.testCase.TestAddCourse"/>
</testsuite> <!-- com.mushishi.selenium.testCase.TestAddCourse -->
