<?xml version="1.0" encoding="UTF-8"?>
<!-- Generated by org.testng.reporters.JUnitReportReporter -->
<testsuite skipped="0" hostname="KYB-PC" name="com.mushishi.selenium.testCase.login" tests="5" failures="0" timestamp="18 六月 2017 13:39:04 GMT" time="20.679" errors="0">
  <testcase name="getLoginHome" time="10.365" classname="com.mushishi.selenium.testCase.login"/>
  <testcase name="TestAddCart" time="1.144" classname="com.mushishi.selenium.testCase.login"/>
  <testcase name="TestGoPay" time="2.449" classname="com.mushishi.selenium.testCase.login"/>
  <testcase name="TestSureOrder" time="0.168" classname="com.mushishi.selenium.testCase.login"/>
  <testcase name="testLogin" time="6.553" classname="com.mushishi.selenium.testCase.login"/>
</testsuite> <!-- com.mushishi.selenium.testCase.login -->
