<?xml version="1.0" encoding="UTF-8"?>
<!-- Generated by org.testng.reporters.JUnitReportReporter -->
<testsuite skipped="0" hostname="KYB-PC" name="com.mushishi.selenium.firstLogin" tests="1" failures="0" timestamp="08 五月 2017 08:36:31 GMT" time="22.868" errors="0">
  <testcase name="f" time="22.868" classname="com.mushishi.selenium.firstLogin"/>
</testsuite> <!-- com.mushishi.selenium.firstLogin -->
