<?xml version="1.0" encoding="UTF-8"?>
<!-- Generated by org.testng.reporters.JUnitReportReporter -->
<testsuite skipped="0" hostname="KYB-PC" name="com.mushishi.selenium.testCase.testBuyCourse" tests="1" failures="0" timestamp="24 五月 2017 11:22:17 GMT" time="1.504" errors="0">
  <testcase name="buyCourse" time="1.504" classname="com.mushishi.selenium.testCase.testBuyCourse"/>
</testsuite> <!-- com.mushishi.selenium.testCase.testBuyCourse -->
