<?xml version="1.0" encoding="UTF-8"?>
<!-- Generated by org.testng.reporters.JUnitReportReporter -->
<testsuite skipped="0" hostname="KYB-PC" name="com.mushishi.selenium.testCase.SuiteTestBuy" tests="1" failures="0" timestamp="24 六月 2017 10:14:44 GMT" time="3.630" errors="0">
  <testcase name="testBuy" time="3.630" classname="com.mushishi.selenium.testCase.SuiteTestBuy"/>
</testsuite> <!-- com.mushishi.selenium.testCase.SuiteTestBuy -->
