<?xml version="1.0" encoding="UTF-8"?>
<!-- Generated by org.testng.reporters.JUnitReportReporter -->
<testsuite skipped="0" hostname="KYB-PC" name="com.mushishi.selenium.testCase.testngTest" tests="2" failures="0" timestamp="18 六月 2017 13:44:07 GMT" time="0.020" errors="0">
  <testcase name="test002" time="0.004" classname="com.mushishi.selenium.testCase.testngTest"/>
  <testcase name="test" time="0.016" classname="com.mushishi.selenium.testCase.testngTest"/>
</testsuite> <!-- com.mushishi.selenium.testCase.testngTest -->
