<?xml version="1.0" encoding="UTF-8"?>
<!-- Generated by org.testng.reporters.JUnitReportReporter -->
<testsuite skipped="0" hostname="KYB-PC" name="com.mushishi.selenium.testCase.SuiteTestLogin" tests="1" failures="0" timestamp="24 六月 2017 07:59:44 GMT" time="6.445" errors="0">
  <testcase name="testLogin" time="6.445" classname="com.mushishi.selenium.testCase.SuiteTestLogin"/>
</testsuite> <!-- com.mushishi.selenium.testCase.SuiteTestLogin -->
